  [1m[35m (20.9ms)[0m  [1m[35mCREATE TABLE "schema_migrations" ("version" varchar NOT NULL PRIMARY KEY)[0m
  [1m[35m (28.1ms)[0m  [1m[35mCREATE TABLE "ar_internal_metadata" ("key" varchar NOT NULL PRIMARY KEY, "value" varchar, "created_at" datetime(6) NOT NULL, "updated_at" datetime(6) NOT NULL)[0m
  [1m[36mActiveRecord::SchemaMigration Pluck (0.1ms)[0m  [1m[34mSELECT "schema_migrations"."version" FROM "schema_migrations" ORDER BY "schema_migrations"."version" ASC[0m
Migrating to CreateCustomers (20240430072046)
  [1m[36mTRANSACTION (0.0ms)[0m  [1m[36mbegin transaction[0m
  [1m[35m (0.2ms)[0m  [1m[35mCREATE TABLE "customers" ("id" integer PRIMARY KEY AUTOINCREMENT NOT NULL, "username" varchar, "date_of_birth" date, "gender" varchar, "occupation" varchar, "company" varchar, "interests" text, "age" integer, "subscription_plan" integer, "created_at" datetime(6) NOT NULL, "updated_at" datetime(6) NOT NULL)[0m
  [1m[35m (0.1ms)[0m  [1m[35mCREATE INDEX "index_customers_on_username" ON "customers" ("username")[0m
  [1m[35m (0.1ms)[0m  [1m[35mCREATE INDEX "index_customers_on_subscription_plan" ON "customers" ("subscription_plan")[0m
  [1m[36mActiveRecord::SchemaMigration Create (0.2ms)[0m  [1m[32mINSERT INTO "schema_migrations" ("version") VALUES (?)[0m  [["version", "20240430072046"]]
  [1m[36mTRANSACTION (19.3ms)[0m  [1m[36mcommit transaction[0m
  [1m[36mActiveRecord::InternalMetadata Load (0.1ms)[0m  [1m[34mSELECT "ar_internal_metadata".* FROM "ar_internal_metadata" WHERE "ar_internal_metadata"."key" = ? LIMIT ?[0m  [["key", "environment"], ["LIMIT", 1]]
  [1m[36mTRANSACTION (0.0ms)[0m  [1m[36mbegin transaction[0m
  [1m[36mActiveRecord::InternalMetadata Create (0.2ms)[0m  [1m[32mINSERT INTO "ar_internal_metadata" ("key", "value", "created_at", "updated_at") VALUES (?, ?, ?, ?)[0m  [["key", "environment"], ["value", "development"], ["created_at", "2024-04-30 07:20:55.222981"], ["updated_at", "2024-04-30 07:20:55.222981"]]
  [1m[36mTRANSACTION (15.6ms)[0m  [1m[36mcommit transaction[0m
  [1m[36mActiveRecord::SchemaMigration Pluck (0.1ms)[0m  [1m[34mSELECT "schema_migrations"."version" FROM "schema_migrations" ORDER BY "schema_migrations"."version" ASC[0m
  [1m[36mActiveRecord::SchemaMigration Pluck (0.1ms)[0m  [1m[34mSELECT "schema_migrations"."version" FROM "schema_migrations" ORDER BY "schema_migrations"."version" ASC[0m
  [1m[36mActiveRecord::SchemaMigration Pluck (0.1ms)[0m  [1m[34mSELECT "schema_migrations"."version" FROM "schema_migrations" ORDER BY "schema_migrations"."version" ASC[0m
  [1m[36mTRANSACTION (0.1ms)[0m  [1m[36mbegin transaction[0m
  [1m[36mCustomer Create (0.2ms)[0m  [1m[32mINSERT INTO "customers" ("username", "date_of_birth", "gender", "occupation", "company", "interests", "age", "subscription_plan", "created_at", "updated_at") VALUES (?, ?, ?, ?, ?, ?, ?, ?, ?, ?)[0m  [["username", "ella"], ["date_of_birth", "1966-09-19"], ["gender", "Female"], ["occupation", "Real-Estate Assistant"], ["company", "Weimann, Schimmel and Murray"], ["interests", "Ea enim numquam. Accusantium inventore qui. Ut sint officia."], ["age", 41], ["subscription_plan", nil], ["created_at", "2024-04-30 07:25:34.428780"], ["updated_at", "2024-04-30 07:25:34.428780"]]
  [1m[36mTRANSACTION (17.4ms)[0m  [1m[36mcommit transaction[0m
  [1m[36mTRANSACTION (0.1ms)[0m  [1m[36mbegin transaction[0m
  [1m[36mCustomer Create (0.3ms)[0m  [1m[32mINSERT INTO "customers" ("username", "date_of_birth", "gender", "occupation", "company", "interests", "age", "subscription_plan", "created_at", "updated_at") VALUES (?, ?, ?, ?, ?, ?, ?, ?, ?, ?)[0m  [["username", "normand.dietrich"], ["date_of_birth", "1966-06-19"], ["gender", "Male"], ["occupation", "Customer Manufacturing Orchestrator"], ["company", "Kuphal Group"], ["interests", "Minima rerum at. Aut rem officia. Ipsum optio dolor."], ["age", 34], ["subscription_plan", nil], ["created_at", "2024-04-30 07:25:34.451183"], ["updated_at", "2024-04-30 07:25:34.451183"]]
  [1m[36mTRANSACTION (16.4ms)[0m  [1m[36mcommit transaction[0m
  [1m[36mTRANSACTION (0.1ms)[0m  [1m[36mbegin transaction[0m
  [1m[36mCustomer Create (0.3ms)[0m  [1m[32mINSERT INTO "customers" ("username", "date_of_birth", "gender", "occupation", "company", "interests", "age", "subscription_plan", "created_at", "updated_at") VALUES (?, ?, ?, ?, ?, ?, ?, ?, ?, ?)[0m  [["username", "francis"], ["date_of_birth", "1983-11-22"], ["gender", "Male"], ["occupation", "Community-Services Planner"], ["company", "Larkin and Sons"], ["interests", "Sed non nulla. Ut nemo est. Est sunt et."], ["age", 43], ["subscription_plan", nil], ["created_at", "2024-04-30 07:25:34.473441"], ["updated_at", "2024-04-30 07:25:34.473441"]]
  [1m[36mTRANSACTION (16.2ms)[0m  [1m[36mcommit transaction[0m
  [1m[36mCustomer Load (0.2ms)[0m  [1m[34mSELECT "customers".* FROM "customers" ORDER BY "customers"."id" DESC LIMIT ?[0m  [["LIMIT", 1]]
  [1m[36mCustomer Count (0.2ms)[0m  [1m[34mSELECT COUNT(*) FROM "customers"[0m
Started GET "/customers/index" for ::1 at 2024-04-30 13:07:53 +0530
  [1m[36mActiveRecord::SchemaMigration Pluck (0.1ms)[0m  [1m[34mSELECT "schema_migrations"."version" FROM "schema_migrations" ORDER BY "schema_migrations"."version" ASC[0m
  
ActionController::RoutingError (No route matches [GET] "/customers/index"):
  
Started GET "/customers" for ::1 at 2024-04-30 13:08:39 +0530
Processing by CustomersController#index as */*
  [1m[35m (0.4ms)[0m  [1m[34mSELECT * FROM students[0m
  ↳ app/controllers/customers_controller.rb:4:in `index'
Completed 500 Internal Server Error in 5ms (ActiveRecord: 0.4ms | Allocations: 2910)


  
ActiveRecord::StatementInvalid (SQLite3::SQLException: no such table: students):
  
app/controllers/customers_controller.rb:4:in `index'
Started GET "/customers/ndex" for ::1 at 2024-04-30 13:08:46 +0530
  
ActionController::RoutingError (No route matches [GET] "/customers/ndex"):
  
Started GET "/customers/index" for ::1 at 2024-04-30 13:09:37 +0530
  
ActionController::RoutingError (No route matches [GET] "/customers/index"):
  
Started GET "/customers/index" for ::1 at 2024-04-30 13:10:15 +0530
  [1m[36mActiveRecord::SchemaMigration Pluck (0.1ms)[0m  [1m[34mSELECT "schema_migrations"."version" FROM "schema_migrations" ORDER BY "schema_migrations"."version" ASC[0m
  
ActionController::RoutingError (No route matches [GET] "/customers/index"):
  
Started GET "/customers/index" for ::1 at 2024-04-30 13:11:59 +0530
  
ActionController::RoutingError (No route matches [GET] "/customers/index"):
  
Started GET "/customers" for ::1 at 2024-04-30 13:15:03 +0530
Processing by CustomersController#index as */*
  [1m[35m (0.1ms)[0m  [1m[34mSELECT * FROM customers[0m
  ↳ app/controllers/customers_controller.rb:4:in `index'
Completed 200 OK in 4ms (Views: 0.4ms | ActiveRecord: 0.4ms | Allocations: 2378)


Started GET "/customers" for ::1 at 2024-04-30 13:52:56 +0530
Processing by CustomersController#index as */*
  Parameters: {"customer"=>{"username"=>"john_doe", "date_of_birth"=>"1990-05-15", "gender"=>"male", "occupation"=>"Software Engineer", "company"=>"Acme Corporation", "interests"=>"Reading, hiking", "age"=>31, "subscription_plan"=>"premium"}}
  [1m[35m (0.1ms)[0m  [1m[34mSELECT * FROM customers[0m
  ↳ app/controllers/customers_controller.rb:4:in `index'
Completed 200 OK in 2ms (Views: 0.5ms | ActiveRecord: 0.3ms | Allocations: 1031)


  [1m[36mCustomer Count (0.1ms)[0m  [1m[34mSELECT COUNT(*) FROM "customers"[0m
Started POST "/customers" for ::1 at 2024-04-30 13:55:37 +0530
Processing by CustomersController#create as */*
  Parameters: {"customer"=>{"username"=>"john_doe", "date_of_birth"=>"1990-05-15", "gender"=>"male", "occupation"=>"Software Engineer", "company"=>"Acme Corporation", "interests"=>"Reading, hiking", "age"=>31, "subscription_plan"=>"premium"}}
Can't verify CSRF token authenticity.
Completed 422 Unprocessable Entity in 0ms (ActiveRecord: 0.0ms | Allocations: 495)


  
ActionController::InvalidAuthenticityToken (Can't verify CSRF token authenticity.):
  
actionpack (7.0.8.1) lib/action_controller/metal/request_forgery_protection.rb:253:in `handle_unverified_request'
actionpack (7.0.8.1) lib/action_controller/metal/request_forgery_protection.rb:286:in `handle_unverified_request'
actionpack (7.0.8.1) lib/action_controller/metal/request_forgery_protection.rb:275:in `verify_authenticity_token'
activesupport (7.0.8.1) lib/active_support/callbacks.rb:400:in `block in make_lambda'
activesupport (7.0.8.1) lib/active_support/callbacks.rb:199:in `block (2 levels) in halting'
actionpack (7.0.8.1) lib/abstract_controller/callbacks.rb:34:in `block (2 levels) in <module:Callbacks>'
activesupport (7.0.8.1) lib/active_support/callbacks.rb:200:in `block in halting'
activesupport (7.0.8.1) lib/active_support/callbacks.rb:595:in `block in invoke_before'
activesupport (7.0.8.1) lib/active_support/callbacks.rb:595:in `each'
activesupport (7.0.8.1) lib/active_support/callbacks.rb:595:in `invoke_before'
activesupport (7.0.8.1) lib/active_support/callbacks.rb:116:in `block in run_callbacks'
activesupport (7.0.8.1) lib/active_support/callbacks.rb:138:in `run_callbacks'
actionpack (7.0.8.1) lib/abstract_controller/callbacks.rb:233:in `process_action'
actionpack (7.0.8.1) lib/action_controller/metal/rescue.rb:23:in `process_action'
actionpack (7.0.8.1) lib/action_controller/metal/instrumentation.rb:67:in `block in process_action'
activesupport (7.0.8.1) lib/active_support/notifications.rb:206:in `block in instrument'
activesupport (7.0.8.1) lib/active_support/notifications/instrumenter.rb:24:in `instrument'
activesupport (7.0.8.1) lib/active_support/notifications.rb:206:in `instrument'
actionpack (7.0.8.1) lib/action_controller/metal/instrumentation.rb:66:in `process_action'
actionpack (7.0.8.1) lib/action_controller/metal/params_wrapper.rb:259:in `process_action'
activerecord (7.0.8.1) lib/active_record/railties/controller_runtime.rb:27:in `process_action'
actionpack (7.0.8.1) lib/abstract_controller/base.rb:151:in `process'
actionview (7.0.8.1) lib/action_view/rendering.rb:39:in `process'
actionpack (7.0.8.1) lib/action_controller/metal.rb:188:in `dispatch'
actionpack (7.0.8.1) lib/action_controller/metal.rb:251:in `dispatch'
actionpack (7.0.8.1) lib/action_dispatch/routing/route_set.rb:49:in `dispatch'
actionpack (7.0.8.1) lib/action_dispatch/routing/route_set.rb:32:in `serve'
actionpack (7.0.8.1) lib/action_dispatch/journey/router.rb:50:in `block in serve'
actionpack (7.0.8.1) lib/action_dispatch/journey/router.rb:32:in `each'
actionpack (7.0.8.1) lib/action_dispatch/journey/router.rb:32:in `serve'
actionpack (7.0.8.1) lib/action_dispatch/routing/route_set.rb:852:in `call'
rack (2.2.9) lib/rack/tempfile_reaper.rb:15:in `call'
rack (2.2.9) lib/rack/etag.rb:27:in `call'
rack (2.2.9) lib/rack/conditional_get.rb:40:in `call'
rack (2.2.9) lib/rack/head.rb:12:in `call'
actionpack (7.0.8.1) lib/action_dispatch/http/permissions_policy.rb:38:in `call'
actionpack (7.0.8.1) lib/action_dispatch/http/content_security_policy.rb:36:in `call'
rack (2.2.9) lib/rack/session/abstract/id.rb:266:in `context'
rack (2.2.9) lib/rack/session/abstract/id.rb:260:in `call'
actionpack (7.0.8.1) lib/action_dispatch/middleware/cookies.rb:704:in `call'
activerecord (7.0.8.1) lib/active_record/migration.rb:638:in `call'
actionpack (7.0.8.1) lib/action_dispatch/middleware/callbacks.rb:27:in `block in call'
activesupport (7.0.8.1) lib/active_support/callbacks.rb:99:in `run_callbacks'
actionpack (7.0.8.1) lib/action_dispatch/middleware/callbacks.rb:26:in `call'
actionpack (7.0.8.1) lib/action_dispatch/middleware/executor.rb:14:in `call'
actionpack (7.0.8.1) lib/action_dispatch/middleware/actionable_exceptions.rb:17:in `call'
actionpack (7.0.8.1) lib/action_dispatch/middleware/debug_exceptions.rb:28:in `call'
web-console (4.2.1) lib/web_console/middleware.rb:132:in `call_app'
web-console (4.2.1) lib/web_console/middleware.rb:28:in `block in call'
web-console (4.2.1) lib/web_console/middleware.rb:17:in `catch'
web-console (4.2.1) lib/web_console/middleware.rb:17:in `call'
actionpack (7.0.8.1) lib/action_dispatch/middleware/show_exceptions.rb:29:in `call'
railties (7.0.8.1) lib/rails/rack/logger.rb:40:in `call_app'
railties (7.0.8.1) lib/rails/rack/logger.rb:25:in `block in call'
activesupport (7.0.8.1) lib/active_support/tagged_logging.rb:99:in `block in tagged'
activesupport (7.0.8.1) lib/active_support/tagged_logging.rb:37:in `tagged'
activesupport (7.0.8.1) lib/active_support/tagged_logging.rb:99:in `tagged'
railties (7.0.8.1) lib/rails/rack/logger.rb:25:in `call'
sprockets-rails (3.4.2) lib/sprockets/rails/quiet_assets.rb:13:in `call'
actionpack (7.0.8.1) lib/action_dispatch/middleware/remote_ip.rb:93:in `call'
actionpack (7.0.8.1) lib/action_dispatch/middleware/request_id.rb:26:in `call'
rack (2.2.9) lib/rack/method_override.rb:24:in `call'
rack (2.2.9) lib/rack/runtime.rb:22:in `call'
activesupport (7.0.8.1) lib/active_support/cache/strategy/local_cache_middleware.rb:29:in `call'
actionpack (7.0.8.1) lib/action_dispatch/middleware/server_timing.rb:61:in `block in call'
actionpack (7.0.8.1) lib/action_dispatch/middleware/server_timing.rb:26:in `collect_events'
actionpack (7.0.8.1) lib/action_dispatch/middleware/server_timing.rb:60:in `call'
actionpack (7.0.8.1) lib/action_dispatch/middleware/executor.rb:14:in `call'
actionpack (7.0.8.1) lib/action_dispatch/middleware/static.rb:23:in `call'
rack (2.2.9) lib/rack/sendfile.rb:110:in `call'
actionpack (7.0.8.1) lib/action_dispatch/middleware/host_authorization.rb:138:in `call'
railties (7.0.8.1) lib/rails/engine.rb:530:in `call'
puma (5.6.8) lib/puma/configuration.rb:252:in `call'
puma (5.6.8) lib/puma/request.rb:77:in `block in handle_request'
puma (5.6.8) lib/puma/thread_pool.rb:340:in `with_force_shutdown'
puma (5.6.8) lib/puma/request.rb:76:in `handle_request'
puma (5.6.8) lib/puma/server.rb:443:in `process_client'
puma (5.6.8) lib/puma/thread_pool.rb:147:in `block in spawn_thread'
Started POST "/customers" for ::1 at 2024-04-30 13:59:25 +0530
Processing by CustomersController#create as */*
  Parameters: {"customer"=>{"username"=>"john_doe", "date_of_birth"=>"1990-05-15", "gender"=>"male", "occupation"=>"Software Engineer", "company"=>"Acme Corporation", "interests"=>"Reading, hiking", "age"=>31, "subscription_plan"=>"premium"}}
  [1m[35m (0.4ms)[0m  [1m[32mINSERT INTO customers (username, date_of_birth, gender, occupation, company, interests, age, subscription_plan) VALUES ('john_doe', '1990-05-15', 'male', 'Software Engineer', 'Acme Corporation', 'Reading, hiking', 31, 'premium')[0m
  ↳ app/controllers/customers_controller.rb:13:in `create'
Completed 500 Internal Server Error in 2ms (ActiveRecord: 0.6ms | Allocations: 1321)


  
ActiveRecord::NotNullViolation (SQLite3::ConstraintException: NOT NULL constraint failed: customers.created_at):
  
app/controllers/customers_controller.rb:13:in `create'
Started POST "/customers" for ::1 at 2024-04-30 13:59:37 +0530
  [1m[36mActiveRecord::SchemaMigration Pluck (0.1ms)[0m  [1m[34mSELECT "schema_migrations"."version" FROM "schema_migrations" ORDER BY "schema_migrations"."version" ASC[0m
Processing by CustomersController#create as */*
  Parameters: {"customer"=>{"username"=>"john_doe", "date_of_birth"=>"1990-05-15", "gender"=>"male", "occupation"=>"Software Engineer", "company"=>"Acme Corporation", "interests"=>"Reading, hiking", "age"=>31, "subscription_plan"=>"premium"}}
  [1m[35m (0.4ms)[0m  [1m[32mINSERT INTO customers (username, date_of_birth, gender, occupation, company, interests, age, subscription_plan) VALUES ('john_doe', '1990-05-15', 'male', 'Software Engineer', 'Acme Corporation', 'Reading, hiking', 31, 'premium')[0m
  ↳ app/controllers/customers_controller.rb:13:in `create'
Completed 500 Internal Server Error in 3ms (ActiveRecord: 0.4ms | Allocations: 2416)


  
ActiveRecord::NotNullViolation (SQLite3::ConstraintException: NOT NULL constraint failed: customers.created_at):
  
app/controllers/customers_controller.rb:13:in `create'
  [1m[36mCustomer Count (0.1ms)[0m  [1m[34mSELECT COUNT(*) FROM "customers"[0m
Started POST "/customers" for ::1 at 2024-04-30 14:02:11 +0530
  [1m[36mActiveRecord::SchemaMigration Pluck (0.1ms)[0m  [1m[34mSELECT "schema_migrations"."version" FROM "schema_migrations" ORDER BY "schema_migrations"."version" ASC[0m
Processing by CustomersController#create as */*
  Parameters: {"customer"=>{"username"=>"john_doe", "date_of_birth"=>"1990-05-15", "gender"=>"male", "occupation"=>"Software Engineer", "company"=>"Acme Corporation", "interests"=>"Reading, hiking", "age"=>31, "subscription_plan"=>"premium"}}
  [1m[35m (0.6ms)[0m  [1m[32mINSERT INTO customers (username, date_of_birth, gender, occupation, company, interests, age, subscription_plan) VALUES ('john_doe', '1990-05-15', 'male', 'Software Engineer', 'Acme Corporation', 'Reading, hiking', 31, 'premium')[0m
  ↳ (rdbg)//home/ror/raw_sql/app/controllers/customers_controller.rb:1:in `create'
  [1m[35m (0.6ms)[0m  [1m[32mINSERT INTO customers (username, date_of_birth, gender, occupation, company, interests, age, subscription_plan) VALUES ('john_doe', '1990-05-15', 'male', 'Software Engineer', 'Acme Corporation', 'Reading, hiking', 31, 'premium')[0m
  ↳ app/controllers/customers_controller.rb:14:in `create'
Completed 500 Internal Server Error in 187379ms (ActiveRecord: 1.3ms | Allocations: 337061)


  
ActiveRecord::NotNullViolation (SQLite3::ConstraintException: NOT NULL constraint failed: customers.created_at):
  
app/controllers/customers_controller.rb:14:in `create'
  [1m[36mActiveRecord::SchemaMigration Pluck (0.1ms)[0m  [1m[34mSELECT "schema_migrations"."version" FROM "schema_migrations" ORDER BY "schema_migrations"."version" ASC[0m
  [1m[36mActiveRecord::InternalMetadata Load (0.1ms)[0m  [1m[34mSELECT "ar_internal_metadata".* FROM "ar_internal_metadata" WHERE "ar_internal_metadata"."key" = ? LIMIT ?[0m  [["key", "environment"], ["LIMIT", 1]]
  [1m[36mActiveRecord::SchemaMigration Pluck (0.1ms)[0m  [1m[34mSELECT "schema_migrations"."version" FROM "schema_migrations" ORDER BY "schema_migrations"."version" ASC[0m
Started POST "/customers" for ::1 at 2024-04-30 14:07:28 +0530
  [1m[36mActiveRecord::SchemaMigration Pluck (0.1ms)[0m  [1m[34mSELECT "schema_migrations"."version" FROM "schema_migrations" ORDER BY "schema_migrations"."version" ASC[0m
Processing by CustomersController#create as */*
  Parameters: {"customer"=>{"username"=>"john_doe", "date_of_birth"=>"1990-05-15", "gender"=>"male", "occupation"=>"Software Engineer", "company"=>"Acme Corporation", "interests"=>"Reading, hiking", "age"=>31, "subscription_plan"=>"premium"}}
  [1m[35m (0.9ms)[0m  [1m[32mINSERT INTO customers (username, date_of_birth, gender, occupation, company, interests, age, subscription_plan) VALUES ('john_doe', '1990-05-15', 'male', 'Software Engineer', 'Acme Corporation', 'Reading, hiking', 31, 'premium')[0m
  ↳ app/controllers/customers_controller.rb:14:in `create'
Completed 500 Internal Server Error in 2812ms (ActiveRecord: 0.9ms | Allocations: 90127)


  
ActiveRecord::NotNullViolation (SQLite3::ConstraintException: NOT NULL constraint failed: customers.created_at):
  
app/controllers/customers_controller.rb:14:in `create'
Started POST "/customers" for ::1 at 2024-04-30 14:09:03 +0530
  [1m[36mActiveRecord::SchemaMigration Pluck (0.2ms)[0m  [1m[34mSELECT "schema_migrations"."version" FROM "schema_migrations" ORDER BY "schema_migrations"."version" ASC[0m
  
SyntaxError (/home/ror/raw_sql/app/controllers/customers_controller.rb:20: syntax error, unexpected end-of-input):
  
app/controllers/customers_controller.rb:20: syntax error, unexpected end-of-input
app/controllers/customers_controller.rb:20: syntax error, unexpected end-of-input
Started POST "/customers" for ::1 at 2024-04-30 14:09:18 +0530
Processing by CustomersController#create as */*
  Parameters: {"customer"=>{"username"=>"john_doe", "date_of_birth"=>"1990-05-15", "gender"=>"male", "occupation"=>"Software Engineer", "company"=>"Acme Corporation", "interests"=>"Reading, hiking", "age"=>31, "subscription_plan"=>"premium"}}
No template found for CustomersController#create, rendering head :no_content
Completed 204 No Content in 2962ms (ActiveRecord: 0.0ms | Allocations: 88102)


Started POST "/customers" for ::1 at 2024-04-30 14:09:35 +0530
Processing by CustomersController#create as */*
  Parameters: {"customer"=>{"username"=>"john_doe", "date_of_birth"=>"1990-05-15", "gender"=>"male", "occupation"=>"Software Engineer", "company"=>"Acme Corporation", "interests"=>"Reading, hiking", "age"=>31, "subscription_plan"=>"premium"}}
  [1m[35m (0.4ms)[0m  [1m[32mINSERT INTO customers (username, date_of_birth, created_at) VALUES ('john_doe', '1990-05-15', CURRENT_TIMESTAMP)[0m
  ↳ app/controllers/customers_controller.rb:14:in `create'
Completed 500 Internal Server Error in 2ms (ActiveRecord: 0.7ms | Allocations: 1381)


  
ActiveRecord::NotNullViolation (SQLite3::ConstraintException: NOT NULL constraint failed: customers.updated_at):
  
app/controllers/customers_controller.rb:14:in `create'
Started POST "/customers" for ::1 at 2024-04-30 14:09:47 +0530
  [1m[36mActiveRecord::SchemaMigration Pluck (0.1ms)[0m  [1m[34mSELECT "schema_migrations"."version" FROM "schema_migrations" ORDER BY "schema_migrations"."version" ASC[0m
Processing by CustomersController#create as */*
  Parameters: {"customer"=>{"username"=>"john_doe", "date_of_birth"=>"1990-05-15", "gender"=>"male", "occupation"=>"Software Engineer", "company"=>"Acme Corporation", "interests"=>"Reading, hiking", "age"=>31, "subscription_plan"=>"premium"}}
No template found for CustomersController#create, rendering head :no_content
Completed 204 No Content in 30466ms (ActiveRecord: 0.0ms | Allocations: 96758)


Started POST "/customers" for ::1 at 2024-04-30 14:10:21 +0530
Processing by CustomersController#create as */*
  Parameters: {"customer"=>{"username"=>"john_doe", "date_of_birth"=>"1990-05-15", "gender"=>"male", "occupation"=>"Software Engineer", "company"=>"Acme Corporation", "interests"=>"Reading, hiking", "age"=>31, "subscription_plan"=>"premium"}}
  [1m[35m (0.8ms)[0m  [1m[32mINSERT INTO customers (username, date_of_birth, created_at) VALUES ('john_doe', '1990-05-15', CURRENT_TIMESTAMP)[0m
  ↳ app/controllers/customers_controller.rb:13:in `create'
Completed 500 Internal Server Error in 63ms (ActiveRecord: 1.3ms | Allocations: 43200)


  
ActiveRecord::NotNullViolation (SQLite3::ConstraintException: NOT NULL constraint failed: customers.updated_at):
  
app/controllers/customers_controller.rb:13:in `create'
Started POST "/customers" for ::1 at 2024-04-30 14:10:40 +0530
  [1m[36mActiveRecord::SchemaMigration Pluck (0.2ms)[0m  [1m[34mSELECT "schema_migrations"."version" FROM "schema_migrations" ORDER BY "schema_migrations"."version" ASC[0m
Processing by CustomersController#create as */*
  Parameters: {"customer"=>{"username"=>"john_doe", "date_of_birth"=>"1990-05-15", "gender"=>"male", "occupation"=>"Software Engineer", "company"=>"Acme Corporation", "interests"=>"Reading, hiking", "age"=>31, "subscription_plan"=>"premium"}}
  [1m[35m (1.0ms)[0m  [1m[32mINSERT INTO customers (username, date_of_birth, created_at) VALUES ('john_doe', '1990-05-15', CURRENT_TIMESTAMP)[0m
  ↳ (rdbg)//home/ror/raw_sql/app/controllers/customers_controller.rb:1:in `create'
  [1m[35m (0.7ms)[0m  [1m[32mINSERT INTO customers (username, date_of_birth, created_at) VALUES ('john_doe', '1990-05-15', CURRENT_TIMESTAMP)[0m
  ↳ app/controllers/customers_controller.rb:13:in `create'
Completed 500 Internal Server Error in 68872ms (ActiveRecord: 1.8ms | Allocations: 315673)


  
ActiveRecord::NotNullViolation (SQLite3::ConstraintException: NOT NULL constraint failed: customers.updated_at):
  
app/controllers/customers_controller.rb:13:in `create'
Started POST "/customers" for ::1 at 2024-04-30 14:12:41 +0530
Processing by CustomersController#create as */*
  Parameters: {"customer"=>{"username"=>"john_doe", "date_of_birth"=>"1990-05-15", "gender"=>"male", "occupation"=>"Software Engineer", "company"=>"Acme Corporation", "interests"=>"Reading, hiking", "age"=>31, "subscription_plan"=>"premium"}}
  [1m[35m (0.4ms)[0m  [1m[32mINSERT INTO customers (username, date_of_birth, gender, occupation, company, interests, age, subscription_plan) VALUES ('john_doe', '1990-05-15', 'male', 'Software Engineer', 'Acme Corporation', 'Reading, hiking', 31, 'premium')[0m
  ↳ app/controllers/customers_controller.rb:13:in `create'
Completed 500 Internal Server Error in 2ms (ActiveRecord: 0.6ms | Allocations: 1318)


  
ActiveRecord::NotNullViolation (SQLite3::ConstraintException: NOT NULL constraint failed: customers.created_at):
  
app/controllers/customers_controller.rb:13:in `create'
Started POST "/customers" for ::1 at 2024-04-30 14:14:24 +0530
  [1m[36mActiveRecord::SchemaMigration Pluck (0.1ms)[0m  [1m[34mSELECT "schema_migrations"."version" FROM "schema_migrations" ORDER BY "schema_migrations"."version" ASC[0m
Processing by CustomersController#create as */*
  Parameters: {"customer"=>{"username"=>"john_doe", "date_of_birth"=>"1990-05-15", "gender"=>"male", "occupation"=>"Software Engineer", "company"=>"Acme Corporation", "interests"=>"Reading, hiking", "age"=>31, "subscription_plan"=>"premium"}}
Completed 500 Internal Server Error in 2ms (ActiveRecord: 0.0ms | Allocations: 1696)


  
NameError (undefined local variable or method `current_time' for #<CustomersController:0x0000000000ac30>):
  
app/controllers/customers_controller.rb:11:in `create'
Started POST "/customers" for ::1 at 2024-04-30 14:15:22 +0530
  [1m[36mActiveRecord::SchemaMigration Pluck (0.1ms)[0m  [1m[34mSELECT "schema_migrations"."version" FROM "schema_migrations" ORDER BY "schema_migrations"."version" ASC[0m
Processing by CustomersController#create as */*
  Parameters: {"customer"=>{"username"=>"john_doe", "date_of_birth"=>"1990-05-15", "gender"=>"male", "occupation"=>"Software Engineer", "company"=>"Acme Corporation", "interests"=>"Reading, hiking", "age"=>31, "subscription_plan"=>"premium"}}
  [1m[35m (0.3ms)[0m  [1m[32mINSERT INTO customers (username, date_of_birth, gender, occupation, company, interests, age, subscription_plan) VALUES ('john_doe', '1990-05-15', 'male', 'Software Engineer', 'Acme Corporation', 'Reading, hiking', 31, 'premium', '2024-04-30 14:15:22')[0m
  ↳ app/controllers/customers_controller.rb:14:in `create'
Completed 500 Internal Server Error in 3ms (ActiveRecord: 0.3ms | Allocations: 2394)


  
ActiveRecord::StatementInvalid (SQLite3::SQLException: 9 values for 8 columns):
  
app/controllers/customers_controller.rb:14:in `create'
Started POST "/customers" for ::1 at 2024-04-30 14:18:12 +0530
  [1m[36mActiveRecord::SchemaMigration Pluck (0.1ms)[0m  [1m[34mSELECT "schema_migrations"."version" FROM "schema_migrations" ORDER BY "schema_migrations"."version" ASC[0m
Processing by CustomersController#create as */*
  Parameters: {"customer"=>{"username"=>"john_doe", "date_of_birth"=>"1990-05-15", "gender"=>"male", "occupation"=>"Software Engineer", "company"=>"Acme Corporation", "interests"=>"Reading, hiking", "age"=>31, "subscription_plan"=>"premium"}}
  [1m[35m (0.4ms)[0m  [1m[32mINSERT INTO customers (username, date_of_birth, gender, occupation, company, interests, age, subscription_plan) VALUES ('john_doe', '1990-05-15', 'male', 'Software Engineer', 'Acme Corporation', 'Reading, hiking', 31, 'premium')[0m
  ↳ app/controllers/customers_controller.rb:14:in `create'
Completed 500 Internal Server Error in 3ms (ActiveRecord: 0.4ms | Allocations: 2421)


  
ActiveRecord::NotNullViolation (SQLite3::ConstraintException: NOT NULL constraint failed: customers.created_at):
  
app/controllers/customers_controller.rb:14:in `create'
Started POST "/customers" for ::1 at 2024-04-30 14:19:08 +0530
  [1m[36mActiveRecord::SchemaMigration Pluck (0.1ms)[0m  [1m[34mSELECT "schema_migrations"."version" FROM "schema_migrations" ORDER BY "schema_migrations"."version" ASC[0m
Processing by CustomersController#create as */*
  Parameters: {"customer"=>{"username"=>"john_doe", "date_of_birth"=>"1990-05-15", "gender"=>"male", "occupation"=>"Software Engineer", "company"=>"Acme Corporation", "interests"=>"Reading, hiking", "age"=>31, "subscription_plan"=>"premium"}}
  [1m[35m (0.5ms)[0m  [1m[32mINSERT INTO customers (username, date_of_birth, gender, occupation, company, interests, age, subscription_plan) VALUES ('john_doe', '1990-05-15', 'male', 'Software Engineer', 'Acme Corporation', 'Reading, hiking', 31, 'premium', '2024-04-30 14:19:39')[0m
  ↳ app/controllers/customers_controller.rb:15:in `create'
Completed 500 Internal Server Error in 306137ms (ActiveRecord: 0.5ms | Allocations: 364209)


  
ActiveRecord::StatementInvalid (SQLite3::SQLException: 9 values for 8 columns):
  
app/controllers/customers_controller.rb:15:in `create'
Started POST "/customers" for ::1 at 2024-04-30 14:24:33 +0530
  [1m[36mActiveRecord::SchemaMigration Pluck (0.1ms)[0m  [1m[34mSELECT "schema_migrations"."version" FROM "schema_migrations" ORDER BY "schema_migrations"."version" ASC[0m
Processing by CustomersController#create as */*
  Parameters: {"customer"=>{"username"=>"john_doe", "date_of_birth"=>"1990-05-15", "gender"=>"male", "occupation"=>"Software Engineer", "company"=>"Acme Corporation", "interests"=>"Reading, hiking", "age"=>31, "subscription_plan"=>"premium"}}
Completed 500 Internal Server Error in 3ms (ActiveRecord: 0.0ms | Allocations: 1696)


  
NameError (undefined local variable or method `current_time' for #<CustomersController:0x0000000000ac30>):
  
app/controllers/customers_controller.rb:11:in `create'
Started POST "/customers" for ::1 at 2024-04-30 14:25:39 +0530
Processing by CustomersController#create as */*
  Parameters: {"customer"=>{"username"=>"john_doe", "date_of_birth"=>"1990-05-15", "gender"=>"male", "occupation"=>"Software Engineer", "company"=>"Acme Corporation", "interests"=>"Reading, hiking", "age"=>31, "subscription_plan"=>"premium"}}
  [1m[35m (0.3ms)[0m  [1m[32mINSERT INTO customers (username, date_of_birth, created_at, gender, occupation, company, interests, age, subscription_plan) VALUES ('john_doe', '1990-05-15', '2024-04-30 14:25:39', 'male', 'Software Engineer', 'Acme Corporation', 'Reading, hiking', 31, 'premium')[0m
  ↳ app/controllers/customers_controller.rb:14:in `create'
Completed 500 Internal Server Error in 2ms (ActiveRecord: 0.6ms | Allocations: 1356)


  
ActiveRecord::NotNullViolation (SQLite3::ConstraintException: NOT NULL constraint failed: customers.updated_at):
  
app/controllers/customers_controller.rb:14:in `create'
Started POST "/customers" for ::1 at 2024-04-30 14:26:36 +0530
Processing by CustomersController#create as */*
  Parameters: {"customer"=>{"username"=>"john_doe", "date_of_birth"=>"1990-05-15", "gender"=>"male", "occupation"=>"Software Engineer", "company"=>"Acme Corporation", "interests"=>"Reading, hiking", "age"=>31, "subscription_plan"=>"premium"}}
  [1m[35m (0.7ms)[0m  [1m[32mINSERT INTO customers (username, date_of_birth, created_at, gender, occupation, company, interests, age, subscription_plan) VALUES ('john_doe', '1990-05-15', '2024-04-30 14:37:04', 'male', 'Software Engineer', 'Acme Corporation', 'Reading, hiking', 31, 'premium')[0m
  ↳ app/controllers/customers_controller.rb:15:in `create'
Completed 500 Internal Server Error in 628615ms (ActiveRecord: 1.2ms | Allocations: 263396)


  
ActiveRecord::NotNullViolation (SQLite3::ConstraintException: NOT NULL constraint failed: customers.updated_at):
  
app/controllers/customers_controller.rb:15:in `create'
Started POST "/customers" for ::1 at 2024-04-30 14:39:07 +0530
Processing by CustomersController#create as */*
  Parameters: {"customer"=>{"username"=>"john_doe", "date_of_birth"=>"1990-05-15", "gender"=>"male", "occupation"=>"Software Engineer", "company"=>"Acme Corporation", "interests"=>"Reading, hiking", "age"=>31, "subscription_plan"=>"premium"}}
Completed 500 Internal Server Error in 28ms (ActiveRecord: 0.0ms | Allocations: 44331)


  
NameError (undefined local variable or method `current_time' for #<CustomersController:0x0000000001ed20>):
  
app/controllers/customers_controller.rb:13:in `create'
Started POST "/customers" for ::1 at 2024-04-30 14:40:06 +0530
Processing by CustomersController#create as */*
  Parameters: {"customer"=>{"username"=>"john_doe", "date_of_birth"=>"1990-05-15", "gender"=>"male", "occupation"=>"Software Engineer", "company"=>"Acme Corporation", "interests"=>"Reading, hiking", "age"=>31, "subscription_plan"=>"premium"}}
  [1m[35m (15.9ms)[0m  [1m[32mINSERT INTO customers (username, date_of_birth, created_at, gender, occupation, company, interests, age, subscription_plan, updated_at) VALUES ('john_doe', '1990-05-15', CURRENT_TIMESTAMP, 'male', 'Software Engineer', 'Acme Corporation', 'Reading, hiking', 31, 'premium', CURRENT_TIMESTAMP)[0m
  ↳ app/controllers/customers_controller.rb:15:in `create'
Completed 201 Created in 24556ms (Views: 0.4ms | ActiveRecord: 16.2ms | Allocations: 104091)


  [1m[36mCustomer Count (0.2ms)[0m  [1m[34mSELECT COUNT(*) FROM "customers"[0m
Started DELETE "/customers/1" for ::1 at 2024-04-30 14:42:37 +0530
Processing by CustomersController#destroy as */*
  Parameters: {"customer"=>{"username"=>"john_doe", "date_of_birth"=>"1990-05-15", "gender"=>"male", "occupation"=>"Software Engineer", "company"=>"Acme Corporation", "interests"=>"Reading, hiking", "age"=>31, "subscription_plan"=>"premium"}, "id"=>"1"}
  [1m[35m (17.6ms)[0m  [1m[31mDELETE FROM customers WHERE id = 1[0m
  ↳ app/controllers/customers_controller.rb:24:in `destroy'
Completed 200 OK in 19ms (Views: 0.2ms | ActiveRecord: 17.8ms | Allocations: 656)


  [1m[36mCustomer Count (0.1ms)[0m  [1m[34mSELECT COUNT(*) FROM "customers"[0m
  [1m[36mCustomer Load (0.3ms)[0m  [1m[34mSELECT "customers".* FROM "customers"[0m
Started PATCH "/customers/1" for ::1 at 2024-04-30 14:45:06 +0530
Processing by CustomersController#update as */*
  Parameters: {"customer"=>{"username"=>"john1_doe", "date_of_birth"=>"1990-05-15", "gender"=>"male", "occupation"=>"Software Engineer", "company"=>"Acme Corporation", "interests"=>"Reading, hiking", "age"=>31, "subscription_plan"=>"premium"}, "id"=>"1"}
  [1m[35m (0.1ms)[0m  [1m[33mUPDATE customers SET username = 'john1_doe', date_of_birth = '1990-05-15', gender = 'male', occupation = 'Software Engineer', company = 'Acme Corporation', interests = 'Reading, hiking', age = 31, subscription_plan = 'premium' WHERE id = 1[0m
  ↳ app/controllers/customers_controller.rb:25:in `update'
Completed 200 OK in 1ms (Views: 0.1ms | ActiveRecord: 0.3ms | Allocations: 664)


Started GET "/customers" for ::1 at 2024-04-30 14:45:20 +0530
Processing by CustomersController#index as */*
  Parameters: {"customer"=>{"username"=>"john1_doe", "date_of_birth"=>"1990-05-15", "gender"=>"male", "occupation"=>"Software Engineer", "company"=>"Acme Corporation", "interests"=>"Reading, hiking", "age"=>31, "subscription_plan"=>"premium"}}
  [1m[35m (0.3ms)[0m  [1m[34mSELECT * FROM customers[0m
  ↳ app/controllers/customers_controller.rb:6:in `index'
Completed 200 OK in 2ms (Views: 0.6ms | ActiveRecord: 0.3ms | Allocations: 863)


Started GET "/customers" for ::1 at 2024-04-30 14:45:50 +0530
Processing by CustomersController#index as */*
  Parameters: {"customer"=>{"username"=>"john1_doe", "date_of_birth"=>"1990-05-15", "gender"=>"male", "occupation"=>"Software Engineer", "company"=>"Acme Corporation", "interests"=>"Reading, hiking", "age"=>31, "subscription_plan"=>"premium"}}
  [1m[35m (0.2ms)[0m  [1m[34mSELECT * FROM customers[0m
  ↳ app/controllers/customers_controller.rb:6:in `index'
Completed 200 OK in 1ms (Views: 0.3ms | ActiveRecord: 0.2ms | Allocations: 839)


Started PATCH "/customers/4" for ::1 at 2024-04-30 14:46:16 +0530
Processing by CustomersController#update as */*
  Parameters: {"customer"=>{"username"=>"john1_doe", "date_of_birth"=>"1990-05-15", "gender"=>"male", "occupation"=>"Software Engineer", "company"=>"Acme Corporation", "interests"=>"Reading, hiking", "age"=>31, "subscription_plan"=>"premium"}, "id"=>"4"}
  [1m[35m (17.6ms)[0m  [1m[33mUPDATE customers SET username = 'john1_doe', date_of_birth = '1990-05-15', gender = 'male', occupation = 'Software Engineer', company = 'Acme Corporation', interests = 'Reading, hiking', age = 31, subscription_plan = 'premium' WHERE id = 4[0m
  ↳ app/controllers/customers_controller.rb:25:in `update'
Completed 200 OK in 19ms (Views: 0.2ms | ActiveRecord: 17.6ms | Allocations: 453)


Started PATCH "/customers" for ::1 at 2024-04-30 14:46:21 +0530
  
ActionController::RoutingError (No route matches [PATCH] "/customers"):
  
Started GET "/customers" for ::1 at 2024-04-30 14:46:28 +0530
Processing by CustomersController#index as */*
  Parameters: {"customer"=>{"username"=>"john1_doe", "date_of_birth"=>"1990-05-15", "gender"=>"male", "occupation"=>"Software Engineer", "company"=>"Acme Corporation", "interests"=>"Reading, hiking", "age"=>31, "subscription_plan"=>"premium"}}
  [1m[35m (0.3ms)[0m  [1m[34mSELECT * FROM customers[0m
  ↳ app/controllers/customers_controller.rb:6:in `index'
Completed 200 OK in 2ms (Views: 0.4ms | ActiveRecord: 0.3ms | Allocations: 838)


Started GET "/graphiql" for ::1 at 2024-04-30 16:22:30 +0530
  
ActionController::RoutingError (No route matches [GET] "/graphiql"):
  
