  [1m[35m (20.2ms)[0m  [1m[35mCREATE TABLE "schema_migrations" ("version" varchar NOT NULL PRIMARY KEY)[0m
  [1m[35m (20.5ms)[0m  [1m[35mCREATE TABLE "ar_internal_metadata" ("key" varchar NOT NULL PRIMARY KEY, "value" varchar, "created_at" datetime(6) NOT NULL, "updated_at" datetime(6) NOT NULL)[0m
  [1m[36mActiveRecord::SchemaMigration Pluck (0.1ms)[0m  [1m[34mSELECT "schema_migrations"."version" FROM "schema_migrations" ORDER BY "schema_migrations"."version" ASC[0m
Migrating to CreateEmployees (20240429102233)
  [1m[36mTRANSACTION (0.0ms)[0m  [1m[36mbegin transaction[0m
  [1m[35m (0.2ms)[0m  [1m[35mCREATE TABLE "employees" ("id" integer PRIMARY KEY AUTOINCREMENT NOT NULL, "name" varchar, "email" varchar, "department" varchar, "position" varchar, "created_at" datetime(6) NOT NULL, "updated_at" datetime(6) NOT NULL)[0m
  [1m[36mActiveRecord::SchemaMigration Create (0.2ms)[0m  [1m[32mINSERT INTO "schema_migrations" ("version") VALUES (?)[0m  [["version", "20240429102233"]]
  [1m[36mTRANSACTION (18.2ms)[0m  [1m[36mcommit transaction[0m
  [1m[36mActiveRecord::InternalMetadata Load (0.6ms)[0m  [1m[34mSELECT "ar_internal_metadata".* FROM "ar_internal_metadata" WHERE "ar_internal_metadata"."key" = ? LIMIT ?[0m  [["key", "environment"], ["LIMIT", 1]]
  [1m[36mTRANSACTION (0.0ms)[0m  [1m[36mbegin transaction[0m
  [1m[36mActiveRecord::InternalMetadata Create (0.2ms)[0m  [1m[32mINSERT INTO "ar_internal_metadata" ("key", "value", "created_at", "updated_at") VALUES (?, ?, ?, ?)[0m  [["key", "environment"], ["value", "development"], ["created_at", "2024-04-29 10:22:43.290619"], ["updated_at", "2024-04-29 10:22:43.290619"]]
  [1m[36mTRANSACTION (16.3ms)[0m  [1m[36mcommit transaction[0m
  [1m[36mActiveRecord::SchemaMigration Pluck (0.1ms)[0m  [1m[34mSELECT "schema_migrations"."version" FROM "schema_migrations" ORDER BY "schema_migrations"."version" ASC[0m
  [1m[36mActiveRecord::SchemaMigration Pluck (0.1ms)[0m  [1m[34mSELECT "schema_migrations"."version" FROM "schema_migrations" ORDER BY "schema_migrations"."version" ASC[0m
Migrating to CreateMovies (20240429112358)
  [1m[36mTRANSACTION (0.0ms)[0m  [1m[36mbegin transaction[0m
  [1m[35m (0.2ms)[0m  [1m[35mCREATE TABLE "movies" ("id" integer PRIMARY KEY AUTOINCREMENT NOT NULL, "title" varchar, "year" varchar, "imdb_id" varchar, "created_at" datetime(6) NOT NULL, "updated_at" datetime(6) NOT NULL)[0m
  [1m[36mActiveRecord::SchemaMigration Create (0.1ms)[0m  [1m[32mINSERT INTO "schema_migrations" ("version") VALUES (?)[0m  [["version", "20240429112358"]]
  [1m[36mTRANSACTION (28.2ms)[0m  [1m[36mcommit transaction[0m
  [1m[36mActiveRecord::InternalMetadata Load (0.1ms)[0m  [1m[34mSELECT "ar_internal_metadata".* FROM "ar_internal_metadata" WHERE "ar_internal_metadata"."key" = ? LIMIT ?[0m  [["key", "environment"], ["LIMIT", 1]]
  [1m[36mActiveRecord::SchemaMigration Pluck (0.1ms)[0m  [1m[34mSELECT "schema_migrations"."version" FROM "schema_migrations" ORDER BY "schema_migrations"."version" ASC[0m
Started GET "/" for 127.0.0.1 at 2024-04-29 18:06:08 +0530
  [1m[36mActiveRecord::SchemaMigration Pluck (0.2ms)[0m  [1m[34mSELECT "schema_migrations"."version" FROM "schema_migrations" ORDER BY "schema_migrations"."version" ASC[0m
Processing by Rails::WelcomeController#index as HTML
  Rendering /home/ror/.rvm/gems/ruby-3.2.2/gems/railties-7.0.8.1/lib/rails/templates/rails/welcome/index.html.erb
  Rendered /home/ror/.rvm/gems/ruby-3.2.2/gems/railties-7.0.8.1/lib/rails/templates/rails/welcome/index.html.erb (Duration: 2.9ms | Allocations: 633)
Completed 200 OK in 24ms (Views: 8.1ms | ActiveRecord: 0.0ms | Allocations: 7406)


Started GET "/movies" for 127.0.0.1 at 2024-04-29 18:06:16 +0530
  
ActionController::RoutingError (No route matches [GET] "/movies"):
  
Started GET "/movies" for 127.0.0.1 at 2024-04-29 18:06:31 +0530
  
ActionController::RoutingError (No route matches [GET] "/movies"):
  
Started GET "/api/v1movies" for 127.0.0.1 at 2024-04-29 18:06:43 +0530
  
ActionController::RoutingError (No route matches [GET] "/api/v1movies"):
  
Started GET "/api/v1/movies" for 127.0.0.1 at 2024-04-29 18:07:05 +0530
Processing by Api::V1::MoviesController#index as HTML
Completed 422 Unprocessable Entity in 1ms (Views: 0.2ms | ActiveRecord: 0.0ms | Allocations: 315)


Started GET "/api/v1/movies" for ::1 at 2024-04-29 18:08:36 +0530
Processing by Api::V1::MoviesController#index as HTML
Completed 422 Unprocessable Entity in 0ms (Views: 0.1ms | ActiveRecord: 0.0ms | Allocations: 132)


Started GET "/api/v1/movies?query=your_query_here" for ::1 at 2024-04-29 18:09:27 +0530
Processing by Api::V1::MoviesController#index as HTML
  Parameters: {"query"=>"your_query_here"}
Completed 200 OK in 2515ms (Views: 0.2ms | ActiveRecord: 0.0ms | Allocations: 4528)


Started GET "/api/v1/movies?query=your_query_here" for ::1 at 2024-04-29 19:04:03 +0530
Processing by Api::V1::MoviesController#index as HTML
  Parameters: {"query"=>"your_query_here"}
Completed 200 OK in 2746ms (Views: 0.2ms | ActiveRecord: 0.0ms | Allocations: 951)


Started GET "/api/v1/movies" for ::1 at 2024-04-29 19:40:00 +0530
Processing by Api::V1::MoviesController#index as HTML
Completed 422 Unprocessable Entity in 1ms (Views: 0.3ms | ActiveRecord: 0.0ms | Allocations: 194)


Started GET "/api/v1/movies" for ::1 at 2024-04-29 19:41:21 +0530
Processing by Api::V1::MoviesController#index as */*
Completed 422 Unprocessable Entity in 1ms (Views: 0.2ms | ActiveRecord: 0.0ms | Allocations: 138)


Started GET "/api/v1/movies?query=jawaan" for ::1 at 2024-04-29 19:42:06 +0530
Processing by Api::V1::MoviesController#index as */*
  Parameters: {"query"=>"jawaan"}
Completed 200 OK in 741ms (Views: 0.2ms | ActiveRecord: 0.0ms | Allocations: 4100)


Started GET "/api/v1/movies?query=jawaan" for ::1 at 2024-04-29 19:42:24 +0530
Processing by Api::V1::MoviesController#index as HTML
  Parameters: {"query"=>"jawaan"}
Completed 200 OK in 86ms (Views: 0.2ms | ActiveRecord: 0.0ms | Allocations: 971)


Started GET "/api/v1/movies?query=jawaan" for ::1 at 2024-04-29 19:42:57 +0530
Processing by Api::V1::MoviesController#index as */*
  Parameters: {"query"=>"jawaan"}
Completed 200 OK in 112071ms (Views: 0.4ms | ActiveRecord: 0.0ms | Allocations: 832966)


Started GET "/api/v1/movies?query=Batman" for ::1 at 2024-04-29 19:44:52 +0530
Processing by Api::V1::MoviesController#index as */*
  Parameters: {"query"=>"Batman"}
Completed 200 OK in 2700ms (Views: 0.5ms | ActiveRecord: 0.0ms | Allocations: 87033)


Started GET "/api/v1/movies?query=Batman" for ::1 at 2024-04-30 19:27:02 +0530
  [1m[36mActiveRecord::SchemaMigration Pluck (0.1ms)[0m  [1m[34mSELECT "schema_migrations"."version" FROM "schema_migrations" ORDER BY "schema_migrations"."version" ASC[0m
Processing by Api::V1::MoviesController#index as */*
  Parameters: {"query"=>"Batman"}
Completed 200 OK in 6472ms (Views: 0.8ms | ActiveRecord: 0.0ms | Allocations: 135683)


Started GET "/api/v1/movies?query=Batman" for ::1 at 2024-04-30 19:27:52 +0530
Processing by Api::V1::MoviesController#index as */*
  Parameters: {"query"=>"Batman"}
Completed 200 OK in 213ms (Views: 0.3ms | ActiveRecord: 0.0ms | Allocations: 85104)


Started GET "/api/v1/movies?query=Batman" for ::1 at 2024-04-30 19:28:18 +0530
  [1m[36mActiveRecord::SchemaMigration Pluck (0.1ms)[0m  [1m[34mSELECT "schema_migrations"."version" FROM "schema_migrations" ORDER BY "schema_migrations"."version" ASC[0m
Processing by Api::V1::MoviesController#index as */*
  Parameters: {"query"=>"Batman"}
Completed 200 OK in 143907ms (Views: 0.5ms | ActiveRecord: 0.0ms | Allocations: 824176)


Started GET "/api/v1/movies?query=Batman" for ::1 at 2024-04-30 19:31:50 +0530
Processing by Api::V1::MoviesController#index as */*
  Parameters: {"query"=>"Batman"}
Completed 200 OK in 387906ms (Views: 0.4ms | ActiveRecord: 0.0ms | Allocations: 820711)


Started GET "/api/v1/movies?query=Batman" for ::1 at 2024-04-30 19:38:22 +0530
Processing by Api::V1::MoviesController#index as */*
  Parameters: {"query"=>"Batman"}
Completed 200 OK in 3563ms (Views: 1.8ms | ActiveRecord: 0.0ms | Allocations: 87067)


Started GET "/" for 127.0.0.1 at 2024-04-30 19:38:48 +0530
  [1m[36mActiveRecord::SchemaMigration Pluck (0.1ms)[0m  [1m[34mSELECT "schema_migrations"."version" FROM "schema_migrations" ORDER BY "schema_migrations"."version" ASC[0m
Processing by Rails::WelcomeController#index as HTML
  Rendering /home/ror/.rvm/gems/ruby-3.2.2/gems/railties-7.0.8.1/lib/rails/templates/rails/welcome/index.html.erb
  Rendered /home/ror/.rvm/gems/ruby-3.2.2/gems/railties-7.0.8.1/lib/rails/templates/rails/welcome/index.html.erb (Duration: 0.8ms | Allocations: 489)
Completed 200 OK in 7ms (Views: 2.5ms | ActiveRecord: 0.0ms | Allocations: 4273)


Started GET "/movies?query=Batman" for 127.0.0.1 at 2024-04-30 19:39:06 +0530
  
ActionController::RoutingError (No route matches [GET] "/movies"):
  
